"G:/Unreal_Projects/Zaliczenie_Tech/Zaliczenie_tech/Content/Mannequin/Character/Mesh/UE4_Mannequin_Skeleton.uasset" 0
"G:/Unreal_Projects/Zaliczenie_Tech/Zaliczenie_tech/Content/Mannequin/Character/Mesh/UE4_Mannequin_Skeleton.uexp" 1
"G:/Unreal_Projects/Zaliczenie_Tech/Zaliczenie_tech/Content/Mannequin/Character/Mesh/SK_Mannequin_PhysicsAsset.uasset" 2
"G:/Unreal_Projects/Zaliczenie_Tech/Zaliczenie_tech/Content/Mannequin/Character/Mesh/SK_Mannequin_PhysicsAsset.uexp" 3
"G:/Unreal_Projects/Zaliczenie_Tech/Zaliczenie_tech/Content/Mannequin/Character/Textures/T_UE4Logo_N.uasset" 4
"G:/Unreal_Projects/Zaliczenie_Tech/Zaliczenie_tech/Content/Mannequin/Character/Textures/T_UE4Logo_N.uexp" 5
"G:/Unreal_Projects/Zaliczenie_Tech/Zaliczenie_tech/Content/Mannequin/Character/Textures/T_UE4Logo_N.ubulk" 6
"G:/Unreal_Projects/Zaliczenie_Tech/Zaliczenie_tech/Content/Mannequin/Character/Textures/T_UE4Logo_Mask.uasset" 7
"G:/Unreal_Projects/Zaliczenie_Tech/Zaliczenie_tech/Content/Mannequin/Character/Textures/T_UE4Logo_Mask.uexp" 8
"G:/Unreal_Projects/Zaliczenie_Tech/Zaliczenie_tech/Content/Mannequin/Character/Textures/T_UE4Logo_Mask.ubulk" 9
"G:/Unreal_Projects/Zaliczenie_Tech/Zaliczenie_tech/Content/Mannequin/Character/Textures/T_Male_N.uasset" 10
"G:/Unreal_Projects/Zaliczenie_Tech/Zaliczenie_tech/Content/Mannequin/Character/Textures/T_Male_N.uexp" 11
"G:/Unreal_Projects/Zaliczenie_Tech/Zaliczenie_tech/Content/Mannequin/Character/Textures/T_Male_N.ubulk" 12
"G:/Unreal_Projects/Zaliczenie_Tech/Zaliczenie_tech/Content/Mannequin/Character/Textures/T_Male_Mask.uasset" 13
"G:/Unreal_Projects/Zaliczenie_Tech/Zaliczenie_tech/Content/Mannequin/Character/Textures/T_Male_Mask.uexp" 14
"G:/Unreal_Projects/Zaliczenie_Tech/Zaliczenie_tech/Content/Mannequin/Character/Textures/T_Male_Mask.ubulk" 15
"G:/Unreal_Projects/Zaliczenie_Tech/Zaliczenie_tech/Content/Mannequin/Character/Materials/MaterialLayers/T_ML_Rubber_Blue_01_N.uasset" 16
"G:/Unreal_Projects/Zaliczenie_Tech/Zaliczenie_tech/Content/Mannequin/Character/Materials/MaterialLayers/T_ML_Rubber_Blue_01_N.uexp" 17
"G:/Unreal_Projects/Zaliczenie_Tech/Zaliczenie_tech/Content/Mannequin/Character/Materials/MaterialLayers/T_ML_Rubber_Blue_01_N.ubulk" 18
"G:/Unreal_Projects/Zaliczenie_Tech/Zaliczenie_tech/Content/Mannequin/Character/Materials/MaterialLayers/T_ML_Rubber_Blue_01_D.uasset" 19
"G:/Unreal_Projects/Zaliczenie_Tech/Zaliczenie_tech/Content/Mannequin/Character/Materials/MaterialLayers/T_ML_Rubber_Blue_01_D.uexp" 20
"G:/Unreal_Projects/Zaliczenie_Tech/Zaliczenie_tech/Content/Mannequin/Character/Materials/MaterialLayers/T_ML_Rubber_Blue_01_D.ubulk" 21
"G:/Unreal_Projects/Zaliczenie_Tech/Zaliczenie_tech/Content/Mannequin/Character/Materials/MaterialLayers/T_ML_Aluminum01_N.uasset" 22
"G:/Unreal_Projects/Zaliczenie_Tech/Zaliczenie_tech/Content/Mannequin/Character/Materials/MaterialLayers/T_ML_Aluminum01_N.uexp" 23
"G:/Unreal_Projects/Zaliczenie_Tech/Zaliczenie_tech/Content/Mannequin/Character/Materials/MaterialLayers/T_ML_Aluminum01_N.ubulk" 24
"G:/Unreal_Projects/Zaliczenie_Tech/Zaliczenie_tech/Content/Mannequin/Character/Materials/MaterialLayers/T_ML_Aluminum01.uasset" 25
"G:/Unreal_Projects/Zaliczenie_Tech/Zaliczenie_tech/Content/Mannequin/Character/Materials/MaterialLayers/T_ML_Aluminum01.uexp" 26
"G:/Unreal_Projects/Zaliczenie_Tech/Zaliczenie_tech/Content/Mannequin/Character/Materials/MaterialLayers/T_ML_Aluminum01.ubulk" 27
"G:/Unreal_Projects/Zaliczenie_Tech/Zaliczenie_tech/Content/Mannequin/Character/Materials/MaterialLayers/ML_SoftMetal_UE4.uasset" 28
"G:/Unreal_Projects/Zaliczenie_Tech/Zaliczenie_tech/Content/Mannequin/Character/Materials/MaterialLayers/ML_SoftMetal_UE4.uexp" 29
"G:/Unreal_Projects/Zaliczenie_Tech/Zaliczenie_tech/Content/Mannequin/Character/Materials/MaterialLayers/ML_Plastic_Shiny_Beige_LOGO.uasset" 30
"G:/Unreal_Projects/Zaliczenie_Tech/Zaliczenie_tech/Content/Mannequin/Character/Materials/MaterialLayers/ML_Plastic_Shiny_Beige_LOGO.uexp" 31
"G:/Unreal_Projects/Zaliczenie_Tech/Zaliczenie_tech/Content/Mannequin/Character/Materials/MaterialLayers/ML_Plastic_Shiny_Beige.uasset" 32
"G:/Unreal_Projects/Zaliczenie_Tech/Zaliczenie_tech/Content/Mannequin/Character/Materials/MaterialLayers/ML_Plastic_Shiny_Beige.uexp" 33
"G:/Unreal_Projects/Zaliczenie_Tech/Zaliczenie_tech/Content/Mannequin/Character/Materials/MaterialLayers/ML_GlossyBlack_Latex_UE4.uasset" 34
"G:/Unreal_Projects/Zaliczenie_Tech/Zaliczenie_tech/Content/Mannequin/Character/Materials/MaterialLayers/ML_GlossyBlack_Latex_UE4.uexp" 35
"../../../Engine/Content/Functions/MaterialLayerFunctions/MatLayerBlend_Simple.uasset" 36
"../../../Engine/Content/Functions/MaterialLayerFunctions/MatLayerBlend_Simple.uexp" 37
"../../../Engine/Content/Functions/Engine_MaterialFunctions02/Utility/BlendAngleCorrectedNormals.uasset" 38
"../../../Engine/Content/Functions/Engine_MaterialFunctions02/Utility/BlendAngleCorrectedNormals.uexp" 39
"../../../Engine/Content/Functions/MaterialLayerFunctions/MatLayerBlend_NormalBlend.uasset" 40
"../../../Engine/Content/Functions/MaterialLayerFunctions/MatLayerBlend_NormalBlend.uexp" 41
"G:/Unreal_Projects/Zaliczenie_Tech/Zaliczenie_tech/Content/Mannequin/Character/Materials/M_Male_Body.uasset" 42
"G:/Unreal_Projects/Zaliczenie_Tech/Zaliczenie_tech/Content/Mannequin/Character/Materials/M_Male_Body.uexp" 43
"G:/Unreal_Projects/Zaliczenie_Tech/Zaliczenie_tech/Content/Mannequin/Character/Materials/M_UE4Man_ChestLogo.uasset" 44
"G:/Unreal_Projects/Zaliczenie_Tech/Zaliczenie_tech/Content/Mannequin/Character/Materials/M_UE4Man_ChestLogo.uexp" 45
"G:/Unreal_Projects/Zaliczenie_Tech/Zaliczenie_tech/Content/Mannequin/Character/Mesh/SK_Mannequin.uasset" 46
"G:/Unreal_Projects/Zaliczenie_Tech/Zaliczenie_tech/Content/Mannequin/Character/Mesh/SK_Mannequin.uexp" 47
"G:/Unreal_Projects/Zaliczenie_Tech/Zaliczenie_tech/Content/Mannequin/Animations/ThirdPersonJump_Start.uasset" 48
"G:/Unreal_Projects/Zaliczenie_Tech/Zaliczenie_tech/Content/Mannequin/Animations/ThirdPersonJump_Start.uexp" 49
"G:/Unreal_Projects/Zaliczenie_Tech/Zaliczenie_tech/Content/Mannequin/Animations/ThirdPersonJump_Loop.uasset" 50
"G:/Unreal_Projects/Zaliczenie_Tech/Zaliczenie_tech/Content/Mannequin/Animations/ThirdPersonJump_Loop.uexp" 51
"../../../Engine/Content/EditorBlueprintResources/StandardMacros.uasset" 52
"../../../Engine/Content/EditorBlueprintResources/StandardMacros.uexp" 53
"G:/Unreal_Projects/Zaliczenie_Tech/Zaliczenie_tech/Content/Mannequin/Animations/ThirdPersonRun.uasset" 54
"G:/Unreal_Projects/Zaliczenie_Tech/Zaliczenie_tech/Content/Mannequin/Animations/ThirdPersonRun.uexp" 55
"G:/Unreal_Projects/Zaliczenie_Tech/Zaliczenie_tech/Content/Mannequin/Animations/ThirdPersonIdle.uasset" 56
"G:/Unreal_Projects/Zaliczenie_Tech/Zaliczenie_tech/Content/Mannequin/Animations/ThirdPersonIdle.uexp" 57
"G:/Unreal_Projects/Zaliczenie_Tech/Zaliczenie_tech/Content/Mannequin/Animations/ThirdPersonWalk.uasset" 58
"G:/Unreal_Projects/Zaliczenie_Tech/Zaliczenie_tech/Content/Mannequin/Animations/ThirdPersonWalk.uexp" 59
"G:/Unreal_Projects/Zaliczenie_Tech/Zaliczenie_tech/Content/Mannequin/Animations/ThirdPerson_IdleRun_2D.uasset" 60
"G:/Unreal_Projects/Zaliczenie_Tech/Zaliczenie_tech/Content/Mannequin/Animations/ThirdPerson_IdleRun_2D.uexp" 61
"G:/Unreal_Projects/Zaliczenie_Tech/Zaliczenie_tech/Content/Mannequin/Animations/ThirdPerson_Jump.uasset" 62
"G:/Unreal_Projects/Zaliczenie_Tech/Zaliczenie_tech/Content/Mannequin/Animations/ThirdPerson_Jump.uexp" 63
"G:/Unreal_Projects/Zaliczenie_Tech/Zaliczenie_tech/Content/Mannequin/Animations/ThirdPerson_AnimBP.uasset" 64
"G:/Unreal_Projects/Zaliczenie_Tech/Zaliczenie_tech/Content/Mannequin/Animations/ThirdPerson_AnimBP.uexp" 65
"G:/Unreal_Projects/Zaliczenie_Tech/Zaliczenie_tech/Content/SideScrollerBP/Blueprints/UIassets/Health_background.uasset" 66
"G:/Unreal_Projects/Zaliczenie_Tech/Zaliczenie_tech/Content/SideScrollerBP/Blueprints/UIassets/Health_background.uexp" 67
"G:/Unreal_Projects/Zaliczenie_Tech/Zaliczenie_tech/Content/SideScrollerBP/Blueprints/UIassets/Health.uasset" 68
"G:/Unreal_Projects/Zaliczenie_Tech/Zaliczenie_tech/Content/SideScrollerBP/Blueprints/UIassets/Health.uexp" 69
"G:/Unreal_Projects/Zaliczenie_Tech/Zaliczenie_tech/Content/SideScrollerBP/Blueprints/HealthBar.uasset" 70
"G:/Unreal_Projects/Zaliczenie_Tech/Zaliczenie_tech/Content/SideScrollerBP/Blueprints/HealthBar.uexp" 71
"G:/Unreal_Projects/Zaliczenie_Tech/Zaliczenie_tech/Content/SideScrollerBP/Blueprints/SideScrollerCharacter.uasset" 72
"G:/Unreal_Projects/Zaliczenie_Tech/Zaliczenie_tech/Content/SideScrollerBP/Blueprints/SideScrollerCharacter.uexp" 73
"G:/Unreal_Projects/Zaliczenie_Tech/Zaliczenie_tech/Content/SideScrollerBP/Blueprints/SideScrollerGameMode.uasset" 74
"G:/Unreal_Projects/Zaliczenie_Tech/Zaliczenie_tech/Content/SideScrollerBP/Blueprints/SideScrollerGameMode.uexp" 75
"../../../Engine/Content/Animation/DefaultAnimBoneCompressionSettings.uasset" 76
"../../../Engine/Content/Animation/DefaultAnimBoneCompressionSettings.uexp" 77
"../../../Engine/Content/Animation/DefaultAnimCurveCompressionSettings.uasset" 78
"../../../Engine/Content/Animation/DefaultAnimCurveCompressionSettings.uexp" 79
"../../../Engine/Content/Functions/Engine_MaterialFunctions01/Opacity/CameraDepthFade.uasset" 80
"../../../Engine/Content/Functions/Engine_MaterialFunctions01/Opacity/CameraDepthFade.uexp" 81
"../../../Engine/Content/EngineMaterials/T_Default_Material_Grid_N.uasset" 82
"../../../Engine/Content/EngineMaterials/T_Default_Material_Grid_N.uexp" 83
"../../../Engine/Content/EngineMaterials/T_Default_Material_Grid_N.ubulk" 84
"../../../Engine/Content/EngineMaterials/T_Default_Material_Grid_M.uasset" 85
"../../../Engine/Content/EngineMaterials/T_Default_Material_Grid_M.uexp" 86
"../../../Engine/Content/EngineMaterials/T_Default_Material_Grid_M.ubulk" 87
"../../../Engine/Content/EngineMaterials/WorldGridMaterial.uasset" 88
"../../../Engine/Content/EngineMaterials/WorldGridMaterial.uexp" 89
"../../../Engine/Content/ArtTools/RenderToTexture/Meshes/S_1_Unit_Plane.uasset" 90
"../../../Engine/Content/ArtTools/RenderToTexture/Meshes/S_1_Unit_Plane.uexp" 91
"../../../Engine/Content/EngineMaterials/DefaultMaterial.uasset" 92
"../../../Engine/Content/EngineMaterials/DefaultMaterial.uexp" 93
"../../../Engine/Content/BasicShapes/Cone.uasset" 94
"../../../Engine/Content/BasicShapes/Cone.uexp" 95
"../../../Engine/Content/BasicShapes/Cube.uasset" 96
"../../../Engine/Content/BasicShapes/Cube.uexp" 97
"../../../Engine/Content/BasicShapes/Plane.uasset" 98
"../../../Engine/Content/BasicShapes/Plane.uexp" 99
"../../../Engine/Content/BasicShapes/Sphere.uasset" 100
"../../../Engine/Content/BasicShapes/Sphere.uexp" 101
"../../../Engine/Content/EditorLandscapeResources/DataLayer.uasset" 102
"../../../Engine/Content/EditorLandscapeResources/DataLayer.uexp" 103
"../../../Engine/Content/EditorLandscapeResources/DefaultAlphaTexture.uasset" 104
"../../../Engine/Content/EditorLandscapeResources/DefaultAlphaTexture.uexp" 105
"../../../Engine/Content/EditorMaterials/MAT_Groups_Toggle.uasset" 106
"../../../Engine/Content/EditorMaterials/MAT_Groups_Toggle.uexp" 107
"../../../Engine/Content/EditorMaterials/MAT_Groups_Visibility.uasset" 108
"../../../Engine/Content/EditorMaterials/MAT_Groups_Visibility.uexp" 109
"../../../Engine/Content/EditorMaterials/PreviewShadowIndicator.uasset" 110
"../../../Engine/Content/EditorMaterials/PreviewShadowIndicator.uexp" 111
"../../../Engine/Content/EditorMaterials/PreviewShadowIndicator.ubulk" 112
"../../../Engine/Content/EditorMaterials/PreviewShadowIndicatorMaterial.uasset" 113
"../../../Engine/Content/EditorMaterials/PreviewShadowIndicatorMaterial.uexp" 114
"../../../Engine/Content/EditorMaterials/MatineeGroups/MAT_ColorTrack.uasset" 115
"../../../Engine/Content/EditorMaterials/MatineeGroups/MAT_ColorTrack.uexp" 116
"../../../Engine/Content/EditorMaterials/MatineeGroups/MAT_Groups_Anim.uasset" 117
"../../../Engine/Content/EditorMaterials/MatineeGroups/MAT_Groups_Anim.uexp" 118
"../../../Engine/Content/EditorMaterials/MatineeGroups/MAT_Groups_AudioMaster.uasset" 119
"../../../Engine/Content/EditorMaterials/MatineeGroups/MAT_Groups_AudioMaster.uexp" 120
"../../../Engine/Content/EditorMaterials/MatineeGroups/MAT_Groups_Director.uasset" 121
"../../../Engine/Content/EditorMaterials/MatineeGroups/MAT_Groups_Director.uexp" 122
"../../../Engine/Content/EditorMaterials/MatineeGroups/MAT_Groups_Event.uasset" 123
"../../../Engine/Content/EditorMaterials/MatineeGroups/MAT_Groups_Event.uexp" 124
"../../../Engine/Content/EditorMaterials/MatineeGroups/MAT_Groups_Fade.uasset" 125
"../../../Engine/Content/EditorMaterials/MatineeGroups/MAT_Groups_Fade.uexp" 126
"../../../Engine/Content/EditorMaterials/MatineeGroups/MAT_Groups_Float.uasset" 127
"../../../Engine/Content/EditorMaterials/MatineeGroups/MAT_Groups_Float.uexp" 128
"../../../Engine/Content/EditorMaterials/MatineeGroups/MAT_Groups_Move.uasset" 129
"../../../Engine/Content/EditorMaterials/MatineeGroups/MAT_Groups_Move.uexp" 130
"../../../Engine/Content/EditorMaterials/MatineeGroups/MAT_Groups_Slomo.uasset" 131
"../../../Engine/Content/EditorMaterials/MatineeGroups/MAT_Groups_Slomo.uexp" 132
"../../../Engine/Content/EditorMaterials/MatineeGroups/MAT_Groups_Sound.uasset" 133
"../../../Engine/Content/EditorMaterials/MatineeGroups/MAT_Groups_Sound.uexp" 134
"../../../Engine/Content/EditorMaterials/MatineeGroups/MAT_Groups_Vector.uasset" 135
"../../../Engine/Content/EditorMaterials/MatineeGroups/MAT_Groups_Vector.uexp" 136
"../../../Engine/Content/EditorMaterials/ParticleSystems/PSysThumbnail_NoImage.uasset" 137
"../../../Engine/Content/EditorMaterials/ParticleSystems/PSysThumbnail_NoImage.uexp" 138
"../../../Engine/Content/EditorMaterials/ParticleSystems/PSysThumbnail_NoImage.ubulk" 139
"../../../Engine/Content/EditorMaterials/ParticleSystems/PSysThumbnail_OOD.uasset" 140
"../../../Engine/Content/EditorMaterials/ParticleSystems/PSysThumbnail_OOD.uexp" 141
"../../../Engine/Content/EditorMaterials/ParticleSystems/PSysThumbnail_OOD.ubulk" 142
"../../../Engine/Content/EditorMaterials/Camera/CineMat.uasset" 143
"../../../Engine/Content/EditorMaterials/Camera/CineMat.uexp" 144
"../../../Engine/Content/EditorMaterials/Camera/MI_CineMat_Rig.uasset" 145
"../../../Engine/Content/EditorMaterials/Camera/MI_CineMat_Rig.uexp" 146
"../../../Engine/Content/EditorMeshes/Camera/SM_CraneRig_Arm.uasset" 147
"../../../Engine/Content/EditorMeshes/Camera/SM_CraneRig_Arm.uexp" 148
"../../../Engine/Content/EditorMeshes/Camera/SM_CraneRig_Base.uasset" 149
"../../../Engine/Content/EditorMeshes/Camera/SM_CraneRig_Base.uexp" 150
"../../../Engine/Content/EditorMeshes/Camera/SM_CraneRig_Body.uasset" 151
"../../../Engine/Content/EditorMeshes/Camera/SM_CraneRig_Body.uexp" 152
"../../../Engine/Content/EditorMeshes/Camera/SM_CraneRig_Mount.uasset" 153
"../../../Engine/Content/EditorMeshes/Camera/SM_CraneRig_Mount.uexp" 154
"../../../Engine/Content/EditorMeshes/Camera/SM_RailRig_Mount.uasset" 155
"../../../Engine/Content/EditorMeshes/Camera/SM_RailRig_Mount.uexp" 156
"../../../Engine/Content/EditorMeshes/Camera/SM_RailRig_Track.uasset" 157
"../../../Engine/Content/EditorMeshes/Camera/SM_RailRig_Track.uexp" 158
"../../../Engine/Content/EditorResources/BSPVertex.uasset" 159
"../../../Engine/Content/EditorResources/BSPVertex.uexp" 160
"../../../Engine/Content/EditorResources/EmptyActor.uasset" 161
"../../../Engine/Content/EditorResources/EmptyActor.uexp" 162
"../../../Engine/Content/EditorResources/S_Actor.uasset" 163
"../../../Engine/Content/EditorResources/S_Actor.uexp" 164
"../../../Engine/Content/EditorResources/S_Actor.ubulk" 165
"../../../Engine/Content/EditorResources/S_Note.uasset" 166
"../../../Engine/Content/EditorResources/S_Note.uexp" 167
"../../../Engine/Content/EditorResources/S_Note.ubulk" 168
"../../../Engine/Content/EditorResources/S_Solver.uasset" 169
"../../../Engine/Content/EditorResources/S_Solver.uexp" 170
"../../../Engine/Content/EditorResources/S_Solver.ubulk" 171
"../../../Engine/Content/EditorResources/S_Terrain.uasset" 172
"../../../Engine/Content/EditorResources/S_Terrain.uexp" 173
"../../../Engine/Content/EditorResources/S_Terrain.ubulk" 174
"../../../Engine/Content/EditorResources/S_Trigger.uasset" 175
"../../../Engine/Content/EditorResources/S_Trigger.uexp" 176
"../../../Engine/Content/EditorResources/S_Trigger.ubulk" 177
"../../../Engine/Content/EditorResources/SequenceRecorder/Countdown.uasset" 178
"../../../Engine/Content/EditorResources/SequenceRecorder/Countdown.uexp" 179
"../../../Engine/Content/EditorResources/SequenceRecorder/RecordingIndicator.uasset" 180
"../../../Engine/Content/EditorResources/SequenceRecorder/RecordingIndicator.uexp" 181
"../../../Engine/Content/EngineDamageTypes/DmgTypeBP_Environmental.uasset" 182
"../../../Engine/Content/EngineDamageTypes/DmgTypeBP_Environmental.uexp" 183
"../../../Engine/Content/EngineDebugMaterials/DebugEditorMaterial.uasset" 184
"../../../Engine/Content/EngineDebugMaterials/DebugEditorMaterial.uexp" 185
"../../../Engine/Content/EngineDebugMaterials/DebugMeshMaterial.uasset" 186
"../../../Engine/Content/EngineDebugMaterials/DebugMeshMaterial.uexp" 187
"../../../Engine/Content/EngineDebugMaterials/M_SimpleUnlitTranslucent.uasset" 188
"../../../Engine/Content/EngineDebugMaterials/M_SimpleUnlitTranslucent.uexp" 189
"../../../Engine/Content/EngineDebugMaterials/VolumeToRender.uasset" 190
"../../../Engine/Content/EngineDebugMaterials/VolumeToRender.uexp" 191
"../../../Engine/Content/Functions/Engine_MaterialFunctions02/Utility/CameraDirectionVector.uasset" 192
"../../../Engine/Content/Functions/Engine_MaterialFunctions02/Utility/CameraDirectionVector.uexp" 193
"../../../Engine/Content/EngineDebugMaterials/M_VolumeRenderSphereTracePP.uasset" 194
"../../../Engine/Content/EngineDebugMaterials/M_VolumeRenderSphereTracePP.uexp" 195
"../../../Engine/Content/Functions/Engine_MaterialFunctions01/Shading/ConvertFromDiffSpec.uasset" 196
"../../../Engine/Content/Functions/Engine_MaterialFunctions01/Shading/ConvertFromDiffSpec.uexp" 197
"../../../Engine/Content/EngineDebugMaterials/VertexColorMaterial.uasset" 198
"../../../Engine/Content/EngineDebugMaterials/VertexColorMaterial.uexp" 199
"../../../Engine/Content/EngineDebugMaterials/WireframeMaterial.uasset" 200
"../../../Engine/Content/EngineDebugMaterials/WireframeMaterial.uexp" 201
"../../../Engine/Content/EngineFonts/Faces/RobotoRegular.uasset" 202
"../../../Engine/Content/EngineFonts/Faces/RobotoRegular.uexp" 203
"../../../Engine/Content/EngineFonts/Faces/RobotoRegular.ufont" 204
"../../../Engine/Content/EngineFonts/Faces/RobotoLight.uasset" 205
"../../../Engine/Content/EngineFonts/Faces/RobotoLight.uexp" 206
"../../../Engine/Content/EngineFonts/Faces/RobotoLight.ufont" 207
"../../../Engine/Content/EngineFonts/Faces/RobotoItalic.uasset" 208
"../../../Engine/Content/EngineFonts/Faces/RobotoItalic.uexp" 209
"../../../Engine/Content/EngineFonts/Faces/RobotoItalic.ufont" 210
"../../../Engine/Content/EngineFonts/Faces/RobotoBoldItalic.uasset" 211
"../../../Engine/Content/EngineFonts/Faces/RobotoBoldItalic.uexp" 212
"../../../Engine/Content/EngineFonts/Faces/RobotoBoldItalic.ufont" 213
"../../../Engine/Content/EngineFonts/Faces/RobotoBold.uasset" 214
"../../../Engine/Content/EngineFonts/Faces/RobotoBold.uexp" 215
"../../../Engine/Content/EngineFonts/Faces/RobotoBold.ufont" 216
"../../../Engine/Content/EngineFonts/Faces/DroidSansFallback.uasset" 217
"../../../Engine/Content/EngineFonts/Faces/DroidSansFallback.uexp" 218
"../../../Engine/Content/EngineFonts/Faces/DroidSansFallback.ufont" 219
"../../../Engine/Content/EngineFonts/Roboto.uasset" 220
"../../../Engine/Content/EngineFonts/Roboto.uexp" 221
"../../../Engine/Content/EngineMaterials/BaseFlattenNormalMap.uasset" 222
"../../../Engine/Content/EngineMaterials/BaseFlattenNormalMap.uexp" 223
"../../../Engine/Content/EngineMaterials/BaseFlattenGrayscaleMap.uasset" 224
"../../../Engine/Content/EngineMaterials/BaseFlattenGrayscaleMap.uexp" 225
"../../../Engine/Content/EngineMaterials/BaseFlattenEmissiveMap.uasset" 226
"../../../Engine/Content/EngineMaterials/BaseFlattenEmissiveMap.uexp" 227
"../../../Engine/Content/EngineMaterials/BaseFlattenDiffuseMap.uasset" 228
"../../../Engine/Content/EngineMaterials/BaseFlattenDiffuseMap.uexp" 229
"../../../Engine/Content/EngineMaterials/BaseFlattenMaterial.uasset" 230
"../../../Engine/Content/EngineMaterials/BaseFlattenMaterial.uexp" 231
"../../../Engine/Content/EngineMaterials/BlueNoise.uasset" 232
"../../../Engine/Content/EngineMaterials/BlueNoise.uexp" 233
"../../../Engine/Content/EngineMaterials/DefaultBloomKernel.uasset" 234
"../../../Engine/Content/EngineMaterials/DefaultBloomKernel.uexp" 235
"../../../Engine/Content/EngineMaterials/DefaultBokeh.uasset" 236
"../../../Engine/Content/EngineMaterials/DefaultBokeh.uexp" 237
"../../../Engine/Content/EngineMaterials/DefaultDiffuse.uasset" 238
"../../../Engine/Content/EngineMaterials/DefaultDiffuse.uexp" 239
"../../../Engine/Content/EngineMaterials/DefaultDiffuse.ubulk" 240
"../../../Engine/Content/EngineMaterials/DefaultDeferredDecalMaterial.uasset" 241
"../../../Engine/Content/EngineMaterials/DefaultDeferredDecalMaterial.uexp" 242
"../../../Engine/Content/EngineMaterials/DefaultLightFunctionMaterial.uasset" 243
"../../../Engine/Content/EngineMaterials/DefaultLightFunctionMaterial.uexp" 244
"../../../Engine/Content/EngineMaterials/DefaultPhysicalMaterial.uasset" 245
"../../../Engine/Content/EngineMaterials/DefaultPhysicalMaterial.uexp" 246
"../../../Engine/Content/Functions/Engine_MaterialFunctions02/Utility/BreakOutFloat2Components.uasset" 247
"../../../Engine/Content/Functions/Engine_MaterialFunctions02/Utility/BreakOutFloat2Components.uexp" 248
"../../../Engine/Content/EngineMaterials/DefaultPostProcessMaterial.uasset" 249
"../../../Engine/Content/EngineMaterials/DefaultPostProcessMaterial.uexp" 250
"../../../Engine/Content/EngineFonts/RobotoDistanceField.uasset" 251
"../../../Engine/Content/EngineFonts/RobotoDistanceField.uexp" 252
"../../../Engine/Content/EngineMaterials/DefaultTextMaterialOpaque.uasset" 253
"../../../Engine/Content/EngineMaterials/DefaultTextMaterialOpaque.uexp" 254
"../../../Engine/Content/EngineMaterials/DefaultWhiteGrid.uasset" 255
"../../../Engine/Content/EngineMaterials/DefaultWhiteGrid.uexp" 256
"../../../Engine/Content/EngineMaterials/DefaultWhiteGrid.ubulk" 257
"../../../Engine/Content/EngineMaterials/DefaultWhiteGrid_Low.uasset" 258
"../../../Engine/Content/EngineMaterials/DefaultWhiteGrid_Low.uexp" 259
"../../../Engine/Content/EngineMaterials/EmissiveMeshMaterial.uasset" 260
"../../../Engine/Content/EngineMaterials/EmissiveMeshMaterial.uexp" 261
"../../../Engine/Content/EngineMaterials/GizmoMaterial.uasset" 262
"../../../Engine/Content/EngineMaterials/GizmoMaterial.uexp" 263
"../../../Engine/Content/EngineMaterials/Good64x64TilingNoiseHighFreq.uasset" 264
"../../../Engine/Content/EngineMaterials/Good64x64TilingNoiseHighFreq.uexp" 265
"../../../Engine/Content/EngineMaterials/MiniFont.uasset" 266
"../../../Engine/Content/EngineMaterials/MiniFont.uexp" 267
"../../../Engine/Content/EngineMaterials/InvalidLightmapSettings.uasset" 268
"../../../Engine/Content/EngineMaterials/InvalidLightmapSettings.uexp" 269
"../../../Engine/Content/EngineMaterials/InvalidLightmapSettings.ubulk" 270
"../../../Engine/Content/EngineMaterials/M_InvalidLightmapSettings.uasset" 271
"../../../Engine/Content/EngineMaterials/M_InvalidLightmapSettings.uexp" 272
"../../../Engine/Content/Functions/Engine_MaterialFunctions02/WorldPositionOffset/CameraOffset.uasset" 273
"../../../Engine/Content/Functions/Engine_MaterialFunctions02/WorldPositionOffset/CameraOffset.uexp" 274
"../../../Engine/Content/EngineMaterials/PhAT_JointLimitMaterial.uasset" 275
"../../../Engine/Content/EngineMaterials/PhAT_JointLimitMaterial.uexp" 276
"../../../Engine/Content/EngineMaterials/DefaultCalibrationColor.uasset" 277
"../../../Engine/Content/EngineMaterials/DefaultCalibrationColor.uexp" 278
"../../../Engine/Content/EngineMaterials/PPM_DefaultCalibrationColor.uasset" 279
"../../../Engine/Content/EngineMaterials/PPM_DefaultCalibrationColor.uexp" 280
"../../../Engine/Content/EngineMaterials/DefaultCalibrationGrayscale.uasset" 281
"../../../Engine/Content/EngineMaterials/DefaultCalibrationGrayscale.uexp" 282
"../../../Engine/Content/EngineMaterials/PPM_DefaultCalibrationGrayscale.uasset" 283
"../../../Engine/Content/EngineMaterials/PPM_DefaultCalibrationGrayscale.uexp" 284
"../../../Engine/Content/EngineMaterials/PreintegratedSkinBRDF.uasset" 285
"../../../Engine/Content/EngineMaterials/PreintegratedSkinBRDF.uexp" 286
"../../../Engine/Content/EngineMaterials/RemoveSurfaceMaterial.uasset" 287
"../../../Engine/Content/EngineMaterials/RemoveSurfaceMaterial.uexp" 288
"../../../Engine/Content/EngineMaterials/WeightMapPlaceholderTexture.uasset" 289
"../../../Engine/Content/EngineMaterials/WeightMapPlaceholderTexture.uexp" 290
"../../../Engine/Content/EngineResources/WhiteSquareTexture.uasset" 291
"../../../Engine/Content/EngineResources/WhiteSquareTexture.uexp" 292
"../../../Engine/Content/EngineMaterials/Widget3DPassThrough.uasset" 293
"../../../Engine/Content/EngineMaterials/Widget3DPassThrough.uexp" 294
"../../../Engine/Content/EngineMaterials/Widget3DPassThrough_Masked.uasset" 295
"../../../Engine/Content/EngineMaterials/Widget3DPassThrough_Masked.uexp" 296
"../../../Engine/Content/EngineMaterials/Widget3DPassThrough_Opaque.uasset" 297
"../../../Engine/Content/EngineMaterials/Widget3DPassThrough_Opaque.uexp" 298
"../../../Engine/Content/EngineMaterials/Widget3DPassThrough_Masked_OneSided.uasset" 299
"../../../Engine/Content/EngineMaterials/Widget3DPassThrough_Masked_OneSided.uexp" 300
"../../../Engine/Content/EngineMaterials/Widget3DPassThrough_Opaque_OneSided.uasset" 301
"../../../Engine/Content/EngineMaterials/Widget3DPassThrough_Opaque_OneSided.uexp" 302
"../../../Engine/Content/EngineMaterials/Widget3DPassThrough_Translucent.uasset" 303
"../../../Engine/Content/EngineMaterials/Widget3DPassThrough_Translucent.uexp" 304
"../../../Engine/Content/EngineMaterials/Widget3DPassThrough_Translucent_OneSided.uasset" 305
"../../../Engine/Content/EngineMaterials/Widget3DPassThrough_Translucent_OneSided.uexp" 306
"../../../Engine/Content/EngineMeshes/Cylinder.uasset" 307
"../../../Engine/Content/EngineMeshes/Cylinder.uexp" 308
"../../../Engine/Content/EngineMeshes/Sphere.uasset" 309
"../../../Engine/Content/EngineMeshes/Sphere.uexp" 310
"../../../Engine/Content/EngineResources/DefaultTexture.uasset" 311
"../../../Engine/Content/EngineResources/DefaultTexture.uexp" 312
"../../../Engine/Content/EngineResources/DefaultTexture.ubulk" 313
"../../../Engine/Content/EngineResources/DefaultTextureCube.uasset" 314
"../../../Engine/Content/EngineResources/DefaultTextureCube.uexp" 315
"../../../Engine/Content/EngineResources/DefaultVolumeTexture2D.uasset" 316
"../../../Engine/Content/EngineResources/DefaultVolumeTexture2D.uexp" 317
"../../../Engine/Content/EngineResources/DefaultVolumeTexture.uasset" 318
"../../../Engine/Content/EngineResources/DefaultVolumeTexture.uexp" 319
"../../../Engine/Content/EngineResources/GradientTexture0.uasset" 320
"../../../Engine/Content/EngineResources/GradientTexture0.uexp" 321
"../../../Engine/Content/EngineSky/VolumetricClouds/T_NoiseShape64.uasset" 322
"../../../Engine/Content/EngineSky/VolumetricClouds/T_NoiseShape64.uexp" 323
"../../../Engine/Content/EngineSky/VolumetricClouds/T_NoiseShape64.ubulk" 324
"../../../Engine/Content/EngineSky/VolumetricClouds/T_VolumeNoiseShape64.uasset" 325
"../../../Engine/Content/EngineSky/VolumetricClouds/T_VolumeNoiseShape64.uexp" 326
"../../../Engine/Content/EngineSky/VolumetricClouds/T_NoiseErosion.uasset" 327
"../../../Engine/Content/EngineSky/VolumetricClouds/T_NoiseErosion.uexp" 328
"../../../Engine/Content/EngineSky/VolumetricClouds/T_NoiseErosion.ubulk" 329
"../../../Engine/Content/EngineSky/VolumetricClouds/T_VolumeNoiseErosion32.uasset" 330
"../../../Engine/Content/EngineSky/VolumetricClouds/T_VolumeNoiseErosion32.uexp" 331
"../../../Engine/Content/EngineSky/VolumetricClouds/CloudWeatherTexture.uasset" 332
"../../../Engine/Content/EngineSky/VolumetricClouds/CloudWeatherTexture.uexp" 333
"../../../Engine/Content/EngineSky/VolumetricClouds/CloudGradientTexture.uasset" 334
"../../../Engine/Content/EngineSky/VolumetricClouds/CloudGradientTexture.uexp" 335
"../../../Engine/Content/Functions/Engine_MaterialFunctions02/Utility/MakeFloat2.uasset" 336
"../../../Engine/Content/Functions/Engine_MaterialFunctions02/Utility/MakeFloat2.uexp" 337
"../../../Engine/Content/EngineSky/VolumetricClouds/m_SimpleVolumetricCloud.uasset" 338
"../../../Engine/Content/EngineSky/VolumetricClouds/m_SimpleVolumetricCloud.uexp" 339
"../../../Engine/Content/EngineSky/VolumetricClouds/m_SimpleVolumetricCloud_Inst.uasset" 340
"../../../Engine/Content/EngineSky/VolumetricClouds/m_SimpleVolumetricCloud_Inst.uexp" 341
"../../../Engine/Content/EngineSounds/Master.uasset" 342
"../../../Engine/Content/EngineSounds/Master.uexp" 343
"../../../Engine/Content/Functions/Engine_MaterialFunctions01/Shading/PowerToRoughness.uasset" 344
"../../../Engine/Content/Functions/Engine_MaterialFunctions01/Shading/PowerToRoughness.uexp" 345
"../../../Engine/Content/Maps/Templates/Thumbnails/Default.uasset" 346
"../../../Engine/Content/Maps/Templates/Thumbnails/Default.uexp" 347
"../../../Engine/Content/Maps/Templates/Thumbnails/TimeOfDay.uasset" 348
"../../../Engine/Content/Maps/Templates/Thumbnails/TimeOfDay.uexp" 349
"../../../Engine/Content/Maps/Templates/Thumbnails/VR-Basic.uasset" 350
"../../../Engine/Content/Maps/Templates/Thumbnails/VR-Basic.uexp" 351
"../../../Engine/Content/MobileResources/T_MobileControls_texture.uasset" 352
"../../../Engine/Content/MobileResources/T_MobileControls_texture.uexp" 353
"../../../Engine/Content/MobileResources/T_MobileMenu2.uasset" 354
"../../../Engine/Content/MobileResources/T_MobileMenu2.uexp" 355
"../../../Engine/Content/MobileResources/HUD/AnalogHat.uasset" 356
"../../../Engine/Content/MobileResources/HUD/AnalogHat.uexp" 357
"../../../Engine/Content/MobileResources/HUD/VirtualJoystick_Thumb.uasset" 358
"../../../Engine/Content/MobileResources/HUD/VirtualJoystick_Thumb.uexp" 359
"../../../Engine/Content/MobileResources/HUD/VirtualJoystick_Background.uasset" 360
"../../../Engine/Content/MobileResources/HUD/VirtualJoystick_Background.uexp" 361
"../../../Engine/Content/MobileResources/HUD/DefaultVirtualJoysticks.uasset" 362
"../../../Engine/Content/MobileResources/HUD/DefaultVirtualJoysticks.uexp" 363
"../../../Engine/Content/MobileResources/HUD/LeftVirtualJoystickOnly.uasset" 364
"../../../Engine/Content/MobileResources/HUD/LeftVirtualJoystickOnly.uexp" 365
"../../../Engine/Content/MobileResources/HUD/MobileHUDButton1_off.uasset" 366
"../../../Engine/Content/MobileResources/HUD/MobileHUDButton1_off.uexp" 367
"../../../Engine/Content/MobileResources/HUD/MobileHUDButton1_on.uasset" 368
"../../../Engine/Content/MobileResources/HUD/MobileHUDButton1_on.uexp" 369
"../../../Engine/Content/MobileResources/HUD/MobileHUDButton2_off.uasset" 370
"../../../Engine/Content/MobileResources/HUD/MobileHUDButton2_off.uexp" 371
"../../../Engine/Content/MobileResources/HUD/MobileHUDButton2_on.uasset" 372
"../../../Engine/Content/MobileResources/HUD/MobileHUDButton2_on.uexp" 373
"../../../Engine/Content/MobileResources/HUD/MobileHUDButton3.uasset" 374
"../../../Engine/Content/MobileResources/HUD/MobileHUDButton3.uexp" 375
"../../../Engine/Content/MobileResources/HUD/MobileHUDButtonFire.uasset" 376
"../../../Engine/Content/MobileResources/HUD/MobileHUDButtonFire.uexp" 377
"../../../Engine/Content/MobileResources/HUD/MobileHUDDirectionPad.uasset" 378
"../../../Engine/Content/MobileResources/HUD/MobileHUDDirectionPad.uexp" 379
"../../../Engine/Content/MobileResources/HUD/MobileHUDDirectionPad2.uasset" 380
"../../../Engine/Content/MobileResources/HUD/MobileHUDDirectionPad2.uexp" 381
"../../../Engine/Content/MobileResources/HUD/MobileHUDDirectionPad3.uasset" 382
"../../../Engine/Content/MobileResources/HUD/MobileHUDDirectionPad3.uexp" 383
"../../../Engine/Content/MobileResources/HUD/MobileHUDDirectionStick.uasset" 384
"../../../Engine/Content/MobileResources/HUD/MobileHUDDirectionStick.uexp" 385
"../../../Engine/Content/MobileResources/HUD/T_Castle_ThumbstickInner.uasset" 386
"../../../Engine/Content/MobileResources/HUD/T_Castle_ThumbstickInner.uexp" 387
"../../../Engine/Content/MobileResources/HUD/T_Castle_ThumbstickOutter.uasset" 388
"../../../Engine/Content/MobileResources/HUD/T_Castle_ThumbstickOutter.uexp" 389
"../../../Engine/Content/Tutorial/ContentIntroCurve.uasset" 390
"../../../Engine/Content/Tutorial/ContentIntroCurve.uexp" 391
"../../../Engine/Content/Tutorial/Basics/TutorialAssets/icon_tab_Levels_40x.uasset" 392
"../../../Engine/Content/Tutorial/Basics/TutorialAssets/icon_tab_Levels_40x.uexp" 393
"../../../Engine/Content/VREditor/TransformGizmo/TranslucentTransformGizmoMaterial.uasset" 394
"../../../Engine/Content/VREditor/TransformGizmo/TranslucentTransformGizmoMaterial.uexp" 395
"../../../Engine/Content/VREditor/LaserPointer/VR_LaserPower_01.uasset" 396
"../../../Engine/Content/VREditor/LaserPointer/VR_LaserPower_01.uexp" 397
"../../../Engine/Content/VREditor/LaserPointer/VR_LaserPower_01.ubulk" 398
"../../../Engine/Content/VREditor/TransformGizmo/TransformGizmoMaterial.uasset" 399
"../../../Engine/Content/VREditor/TransformGizmo/TransformGizmoMaterial.uexp" 400
"../../../Engine/Content/VREditor/TransformGizmo/BoundingBoxCorner.uasset" 401
"../../../Engine/Content/VREditor/TransformGizmo/BoundingBoxCorner.uexp" 402
"../../../Engine/Content/VREditor/TransformGizmo/BoundingBoxEdge.uasset" 403
"../../../Engine/Content/VREditor/TransformGizmo/BoundingBoxEdge.uexp" 404
"../../../Engine/Content/VREditor/TransformGizmo/PlaneTranslationHandle.uasset" 405
"../../../Engine/Content/VREditor/TransformGizmo/PlaneTranslationHandle.uexp" 406
"../../../Engine/Content/VREditor/TransformGizmo/Xray.uasset" 407
"../../../Engine/Content/VREditor/TransformGizmo/Xray.uexp" 408
"../../../Engine/Content/VREditor/TransformGizmo/Main.uasset" 409
"../../../Engine/Content/VREditor/TransformGizmo/Main.uexp" 410
"../../../Engine/Content/VREditor/TransformGizmo/SM_Sequencer_Key.uasset" 411
"../../../Engine/Content/VREditor/TransformGizmo/SM_Sequencer_Key.uexp" 412
"../../../Engine/Content/VREditor/TransformGizmo/SM_Sequencer_Node.uasset" 413
"../../../Engine/Content/VREditor/TransformGizmo/SM_Sequencer_Node.uexp" 414
"../../../Engine/Plugins/2D/Paper2D/Content/PlaceholderTextures/DummySpriteTexture.uasset" 415
"../../../Engine/Plugins/2D/Paper2D/Content/PlaceholderTextures/DummySpriteTexture.uexp" 416
"../../../Engine/Plugins/2D/Paper2D/Content/PlaceholderTextures/DummySpriteTexture.ubulk" 417
"../../../Engine/Plugins/2D/Paper2D/Content/DummySprite.uasset" 418
"../../../Engine/Plugins/2D/Paper2D/Content/DummySprite.uexp" 419
"../../../Engine/Plugins/2D/Paper2D/Content/DefaultPaperTerrainMaterial.uasset" 420
"../../../Engine/Plugins/2D/Paper2D/Content/DefaultPaperTerrainMaterial.uexp" 421
"../../../Engine/Plugins/2D/Paper2D/Content/DefaultSpriteMaterial.uasset" 422
"../../../Engine/Plugins/2D/Paper2D/Content/DefaultSpriteMaterial.uexp" 423
"../../../Engine/Plugins/2D/Paper2D/Content/MaskedUnlitSpriteMaterial.uasset" 424
"../../../Engine/Plugins/2D/Paper2D/Content/MaskedUnlitSpriteMaterial.uexp" 425
"../../../Engine/Plugins/2D/Paper2D/Content/OpaqueUnlitSpriteMaterial.uasset" 426
"../../../Engine/Plugins/2D/Paper2D/Content/OpaqueUnlitSpriteMaterial.uexp" 427
"../../../Engine/Content/Functions/Engine_MaterialFunctions02/Utility/VectorLength.uasset" 428
"../../../Engine/Content/Functions/Engine_MaterialFunctions02/Utility/VectorLength.uexp" 429
"../../../Engine/Content/Functions/Engine_MaterialFunctions02/ObjectLocalBounds.uasset" 430
"../../../Engine/Content/Functions/Engine_MaterialFunctions02/ObjectLocalBounds.uexp" 431
"../../../Engine/Content/Functions/Engine_MaterialFunctions02/WorldPositionOffset/ObjectScale.uasset" 432
"../../../Engine/Content/Functions/Engine_MaterialFunctions02/WorldPositionOffset/ObjectScale.uexp" 433
"../../../Engine/Content/Functions/Engine_MaterialFunctions02/Utility/BreakOutFloat3Components.uasset" 434
"../../../Engine/Content/Functions/Engine_MaterialFunctions02/Utility/BreakOutFloat3Components.uexp" 435
"../../../Engine/Plugins/Editor/SpeedTreeImporter/Content/SpeedTree9/UnpackInteger3.uasset" 436
"../../../Engine/Plugins/Editor/SpeedTreeImporter/Content/SpeedTree9/UnpackInteger3.uexp" 437
"../../../Engine/Plugins/Editor/SpeedTreeImporter/Content/SpeedTree9/UnpackDirection.uasset" 438
"../../../Engine/Plugins/Editor/SpeedTreeImporter/Content/SpeedTree9/UnpackDirection.uexp" 439
"../../../Engine/Plugins/Editor/SpeedTreeImporter/Content/SpeedTree9/game_wind_noise.uasset" 440
"../../../Engine/Plugins/Editor/SpeedTreeImporter/Content/SpeedTree9/game_wind_noise.uexp" 441
"../../../Engine/Plugins/Editor/SpeedTreeImporter/Content/SpeedTree9/game_wind_noise.ubulk" 442
"../../../Engine/Content/Functions/Engine_MaterialFunctions02/SafeNormalize.uasset" 443
"../../../Engine/Content/Functions/Engine_MaterialFunctions02/SafeNormalize.uexp" 444
"../../../Engine/Plugins/Editor/SpeedTreeImporter/Content/SpeedTree9/SpeedTreeWindMotion.uasset" 445
"../../../Engine/Plugins/Editor/SpeedTreeImporter/Content/SpeedTree9/SpeedTreeWindMotion.uexp" 446
"../../../Engine/Plugins/Editor/SpeedTreeImporter/Content/SpeedTree9/SpeedTreeBranchMotion.uasset" 447
"../../../Engine/Plugins/Editor/SpeedTreeImporter/Content/SpeedTree9/SpeedTreeBranchMotion.uexp" 448
"../../../Engine/Content/Functions/Engine_MaterialFunctions02/UVs/BoundingBoxBased_0-1_UVW.uasset" 449
"../../../Engine/Content/Functions/Engine_MaterialFunctions02/UVs/BoundingBoxBased_0-1_UVW.uexp" 450
"../../../Engine/Plugins/Editor/SpeedTreeImporter/Content/SpeedTree9/SpeedTreeWind.uasset" 451
"../../../Engine/Plugins/Editor/SpeedTreeImporter/Content/SpeedTree9/SpeedTreeWind.uexp" 452
"../../../Engine/Plugins/Editor/SpeedTreeImporter/Content/SpeedTree9/SpeedTreeBillboard.uasset" 453
"../../../Engine/Plugins/Editor/SpeedTreeImporter/Content/SpeedTree9/SpeedTreeBillboard.uexp" 454
"../../../Engine/Plugins/Editor/SpeedTreeImporter/Content/SpeedTree9/EmptyNormal.uasset" 455
"../../../Engine/Plugins/Editor/SpeedTreeImporter/Content/SpeedTree9/EmptyNormal.uexp" 456
"../../../Engine/Plugins/Editor/SpeedTreeImporter/Content/SpeedTree9/Empty.uasset" 457
"../../../Engine/Plugins/Editor/SpeedTreeImporter/Content/SpeedTree9/Empty.uexp" 458
"../../../Engine/Plugins/Editor/SpeedTreeImporter/Content/SpeedTree9/SpeedTreeBillboardMaster.uasset" 459
"../../../Engine/Plugins/Editor/SpeedTreeImporter/Content/SpeedTree9/SpeedTreeBillboardMaster.uexp" 460
"../../../Engine/Plugins/Editor/SpeedTreeImporter/Content/SpeedTree9/SpeedTreeCameraFacing.uasset" 461
"../../../Engine/Plugins/Editor/SpeedTreeImporter/Content/SpeedTree9/SpeedTreeCameraFacing.uexp" 462
"../../../Engine/Plugins/Editor/SpeedTreeImporter/Content/SpeedTree9/SpeedTreeMaster.uasset" 463
"../../../Engine/Plugins/Editor/SpeedTreeImporter/Content/SpeedTree9/SpeedTreeMaster.uexp" 464
"../../../Engine/Content/BasicShapes/Cylinder.uasset" 465
"../../../Engine/Content/BasicShapes/Cylinder.uexp" 466
"../../../Engine/Content/ArtTools/RenderToTexture/Materials/Debug/M_Emissive_Color.uasset" 467
"../../../Engine/Content/ArtTools/RenderToTexture/Materials/Debug/M_Emissive_Color.uexp" 468
"../../../Engine/Plugins/Lumin/MagicLeapPassableWorld/Content/MagicLeapARPinInfoActor.uasset" 469
"../../../Engine/Plugins/Lumin/MagicLeapPassableWorld/Content/MagicLeapARPinInfoActor.uexp" 470
"../../../Engine/Plugins/Runtime/OpenXR/Content/Devices/GoogleDaydream/MRTexture.uasset" 471
"../../../Engine/Plugins/Runtime/OpenXR/Content/Devices/GoogleDaydream/MRTexture.uexp" 472
"../../../Engine/Plugins/Runtime/OpenXR/Content/Devices/GoogleDaydream/MRTexture.ubulk" 473
"../../../Engine/Plugins/Runtime/OpenXR/Content/Devices/GoogleDaydream/BaseTexture.uasset" 474
"../../../Engine/Plugins/Runtime/OpenXR/Content/Devices/GoogleDaydream/BaseTexture.uexp" 475
"../../../Engine/Plugins/Runtime/OpenXR/Content/Devices/GoogleDaydream/BaseTexture.ubulk" 476
"../../../Engine/Content/EngineResources/Black.uasset" 477
"../../../Engine/Content/EngineResources/Black.uexp" 478
"../../../Engine/Plugins/Runtime/OpenXR/Content/Devices/M_XRController.uasset" 479
"../../../Engine/Plugins/Runtime/OpenXR/Content/Devices/M_XRController.uexp" 480
"../../../Engine/Plugins/Runtime/OpenXR/Content/Devices/GoogleDaydream/MI_GoogleDaydream.uasset" 481
"../../../Engine/Plugins/Runtime/OpenXR/Content/Devices/GoogleDaydream/MI_GoogleDaydream.uexp" 482
"../../../Engine/Plugins/Runtime/OpenXR/Content/Devices/GoogleDaydream/GoogleDaydreamController.uasset" 483
"../../../Engine/Plugins/Runtime/OpenXR/Content/Devices/GoogleDaydream/GoogleDaydreamController.uexp" 484
"../../../Engine/Plugins/Runtime/OpenXR/Content/Devices/HTCVive/BaseTexture.uasset" 485
"../../../Engine/Plugins/Runtime/OpenXR/Content/Devices/HTCVive/BaseTexture.uexp" 486
"../../../Engine/Plugins/Runtime/OpenXR/Content/Devices/HTCVive/BaseTexture.ubulk" 487
"../../../Engine/Plugins/Runtime/OpenXR/Content/Devices/HTCVive/MI_HTCVive.uasset" 488
"../../../Engine/Plugins/Runtime/OpenXR/Content/Devices/HTCVive/MI_HTCVive.uexp" 489
"../../../Engine/Plugins/Runtime/OpenXR/Content/Devices/HTCVive/HTCViveController.uasset" 490
"../../../Engine/Plugins/Runtime/OpenXR/Content/Devices/HTCVive/HTCViveController.uexp" 491
"../../../Engine/Plugins/Runtime/OpenXR/Content/Devices/MicrosoftMixedReality/NormalTexture.uasset" 492
"../../../Engine/Plugins/Runtime/OpenXR/Content/Devices/MicrosoftMixedReality/NormalTexture.uexp" 493
"../../../Engine/Plugins/Runtime/OpenXR/Content/Devices/MicrosoftMixedReality/NormalTexture.ubulk" 494
"../../../Engine/Plugins/Runtime/OpenXR/Content/Devices/MicrosoftMixedReality/MRTexture.uasset" 495
"../../../Engine/Plugins/Runtime/OpenXR/Content/Devices/MicrosoftMixedReality/MRTexture.uexp" 496
"../../../Engine/Plugins/Runtime/OpenXR/Content/Devices/MicrosoftMixedReality/MRTexture.ubulk" 497
"../../../Engine/Plugins/Runtime/OpenXR/Content/Devices/MicrosoftMixedReality/EmissiveTexture.uasset" 498
"../../../Engine/Plugins/Runtime/OpenXR/Content/Devices/MicrosoftMixedReality/EmissiveTexture.uexp" 499
"../../../Engine/Plugins/Runtime/OpenXR/Content/Devices/MicrosoftMixedReality/EmissiveTexture.ubulk" 500
"../../../Engine/Plugins/Runtime/OpenXR/Content/Devices/MicrosoftMixedReality/BaseTexture.uasset" 501
"../../../Engine/Plugins/Runtime/OpenXR/Content/Devices/MicrosoftMixedReality/BaseTexture.uexp" 502
"../../../Engine/Plugins/Runtime/OpenXR/Content/Devices/MicrosoftMixedReality/BaseTexture.ubulk" 503
"../../../Engine/Plugins/Runtime/OpenXR/Content/Devices/MicrosoftMixedReality/MI_MicrosoftMixedReality.uasset" 504
"../../../Engine/Plugins/Runtime/OpenXR/Content/Devices/MicrosoftMixedReality/MI_MicrosoftMixedReality.uexp" 505
"../../../Engine/Plugins/Runtime/OpenXR/Content/Devices/MicrosoftMixedReality/Left/left_MicrosoftMixedRealityController.uasset" 506
"../../../Engine/Plugins/Runtime/OpenXR/Content/Devices/MicrosoftMixedReality/Left/left_MicrosoftMixedRealityController.uexp" 507
"../../../Engine/Plugins/Runtime/OpenXR/Content/Devices/MicrosoftMixedReality/Right/right_MicrosoftMixedRealityController.uasset" 508
"../../../Engine/Plugins/Runtime/OpenXR/Content/Devices/MicrosoftMixedReality/Right/right_MicrosoftMixedRealityController.uexp" 509
"../../../Engine/Plugins/Runtime/OpenXR/Content/Devices/OculusGo/BaseTexture.uasset" 510
"../../../Engine/Plugins/Runtime/OpenXR/Content/Devices/OculusGo/BaseTexture.uexp" 511
"../../../Engine/Plugins/Runtime/OpenXR/Content/Devices/OculusGo/BaseTexture.ubulk" 512
"../../../Engine/Plugins/Runtime/OpenXR/Content/Devices/OculusGo/MI_OculusGo.uasset" 513
"../../../Engine/Plugins/Runtime/OpenXR/Content/Devices/OculusGo/MI_OculusGo.uexp" 514
"../../../Engine/Plugins/Runtime/OpenXR/Content/Devices/OculusGo/OculusGoController.uasset" 515
"../../../Engine/Plugins/Runtime/OpenXR/Content/Devices/OculusGo/OculusGoController.uexp" 516
"../../../Engine/Plugins/Runtime/OpenXR/Content/Devices/OculusTouch/MRTexture.uasset" 517
"../../../Engine/Plugins/Runtime/OpenXR/Content/Devices/OculusTouch/MRTexture.uexp" 518
"../../../Engine/Plugins/Runtime/OpenXR/Content/Devices/OculusTouch/MRTexture.ubulk" 519
"../../../Engine/Plugins/Runtime/OpenXR/Content/Devices/OculusTouch/BaseTexture.uasset" 520
"../../../Engine/Plugins/Runtime/OpenXR/Content/Devices/OculusTouch/BaseTexture.uexp" 521
"../../../Engine/Plugins/Runtime/OpenXR/Content/Devices/OculusTouch/BaseTexture.ubulk" 522
"../../../Engine/Plugins/Runtime/OpenXR/Content/Devices/OculusTouch/MI_OculusTouch.uasset" 523
"../../../Engine/Plugins/Runtime/OpenXR/Content/Devices/OculusTouch/MI_OculusTouch.uexp" 524
"../../../Engine/Plugins/Runtime/OpenXR/Content/Devices/OculusTouch/Left/left_OculusTouchController.uasset" 525
"../../../Engine/Plugins/Runtime/OpenXR/Content/Devices/OculusTouch/Left/left_OculusTouchController.uexp" 526
"../../../Engine/Plugins/Runtime/OpenXR/Content/Devices/OculusTouch/Right/right_OculusTouchController.uasset" 527
"../../../Engine/Plugins/Runtime/OpenXR/Content/Devices/OculusTouch/Right/right_OculusTouchController.uexp" 528
"../../../Engine/Plugins/Runtime/OpenXR/Content/Devices/OculusTouch_v2/MRTexture.uasset" 529
"../../../Engine/Plugins/Runtime/OpenXR/Content/Devices/OculusTouch_v2/MRTexture.uexp" 530
"../../../Engine/Plugins/Runtime/OpenXR/Content/Devices/OculusTouch_v2/MRTexture.ubulk" 531
"../../../Engine/Plugins/Runtime/OpenXR/Content/Devices/OculusTouch_v2/BaseTexture.uasset" 532
"../../../Engine/Plugins/Runtime/OpenXR/Content/Devices/OculusTouch_v2/BaseTexture.uexp" 533
"../../../Engine/Plugins/Runtime/OpenXR/Content/Devices/OculusTouch_v2/BaseTexture.ubulk" 534
"../../../Engine/Plugins/Runtime/OpenXR/Content/Devices/OculusTouch_v2/MI_OculusTouch_v2.uasset" 535
"../../../Engine/Plugins/Runtime/OpenXR/Content/Devices/OculusTouch_v2/MI_OculusTouch_v2.uexp" 536
"../../../Engine/Plugins/Runtime/OpenXR/Content/Devices/OculusTouch_v2/Left/left_OculusTouch_v2Controller.uasset" 537
"../../../Engine/Plugins/Runtime/OpenXR/Content/Devices/OculusTouch_v2/Left/left_OculusTouch_v2Controller.uexp" 538
"../../../Engine/Plugins/Runtime/OpenXR/Content/Devices/OculusTouch_v2/Right/right_OculusTouch_v2Controller.uasset" 539
"../../../Engine/Plugins/Runtime/OpenXR/Content/Devices/OculusTouch_v2/Right/right_OculusTouch_v2Controller.uexp" 540
"../../../Engine/Plugins/Runtime/OpenXR/Content/Devices/OculusTouch_v3/MRTexture.uasset" 541
"../../../Engine/Plugins/Runtime/OpenXR/Content/Devices/OculusTouch_v3/MRTexture.uexp" 542
"../../../Engine/Plugins/Runtime/OpenXR/Content/Devices/OculusTouch_v3/MRTexture.ubulk" 543
"../../../Engine/Plugins/Runtime/OpenXR/Content/Devices/OculusTouch_v3/BaseTexture.uasset" 544
"../../../Engine/Plugins/Runtime/OpenXR/Content/Devices/OculusTouch_v3/BaseTexture.uexp" 545
"../../../Engine/Plugins/Runtime/OpenXR/Content/Devices/OculusTouch_v3/BaseTexture.ubulk" 546
"../../../Engine/Plugins/Runtime/OpenXR/Content/Devices/OculusTouch_v3/MI_OculusTouch_v3.uasset" 547
"../../../Engine/Plugins/Runtime/OpenXR/Content/Devices/OculusTouch_v3/MI_OculusTouch_v3.uexp" 548
"../../../Engine/Plugins/Runtime/OpenXR/Content/Devices/OculusTouch_v3/Left/left_OculusTouch_v3Controller.uasset" 549
"../../../Engine/Plugins/Runtime/OpenXR/Content/Devices/OculusTouch_v3/Left/left_OculusTouch_v3Controller.uexp" 550
"../../../Engine/Plugins/Runtime/OpenXR/Content/Devices/OculusTouch_v3/Right/right_OculusTouch_v3Controller.uasset" 551
"../../../Engine/Plugins/Runtime/OpenXR/Content/Devices/OculusTouch_v3/Right/right_OculusTouch_v3Controller.uexp" 552
"../../../Engine/Plugins/Runtime/OpenXR/Content/Devices/ValveIndex/MRTexture.uasset" 553
"../../../Engine/Plugins/Runtime/OpenXR/Content/Devices/ValveIndex/MRTexture.uexp" 554
"../../../Engine/Plugins/Runtime/OpenXR/Content/Devices/ValveIndex/MRTexture.ubulk" 555
"../../../Engine/Plugins/Runtime/OpenXR/Content/Devices/ValveIndex/BaseTexture.uasset" 556
"../../../Engine/Plugins/Runtime/OpenXR/Content/Devices/ValveIndex/BaseTexture.uexp" 557
"../../../Engine/Plugins/Runtime/OpenXR/Content/Devices/ValveIndex/BaseTexture.ubulk" 558
"../../../Engine/Plugins/Runtime/OpenXR/Content/Devices/ValveIndex/Left/MI_left_ValveIndex.uasset" 559
"../../../Engine/Plugins/Runtime/OpenXR/Content/Devices/ValveIndex/Left/MI_left_ValveIndex.uexp" 560
"../../../Engine/Plugins/Runtime/OpenXR/Content/Devices/ValveIndex/Left/left_ValveIndexController.uasset" 561
"../../../Engine/Plugins/Runtime/OpenXR/Content/Devices/ValveIndex/Left/left_ValveIndexController.uexp" 562
"../../../Engine/Plugins/Runtime/OpenXR/Content/Devices/ValveIndex/Right/MI_right_ValveIndex.uasset" 563
"../../../Engine/Plugins/Runtime/OpenXR/Content/Devices/ValveIndex/Right/MI_right_ValveIndex.uexp" 564
"../../../Engine/Plugins/Runtime/OpenXR/Content/Devices/ValveIndex/Right/right_ValveIndexController.uasset" 565
"../../../Engine/Plugins/Runtime/OpenXR/Content/Devices/ValveIndex/Right/right_ValveIndexController.uexp" 566
"../../../Engine/Content/Functions/Engine_MaterialFunctions02/Utility/BreakOutFloat4Components.uasset" 567
"../../../Engine/Content/Functions/Engine_MaterialFunctions02/Utility/BreakOutFloat4Components.uexp" 568
"../../../Engine/Content/Functions/Engine_MaterialFunctions02/Utility/MakeFloat3.uasset" 569
"../../../Engine/Content/Functions/Engine_MaterialFunctions02/Utility/MakeFloat3.uexp" 570
"../../../Engine/Plugins/Runtime/Oculus/OculusVR/Content/Materials/OculusMR_ChromaKey.uasset" 571
"../../../Engine/Plugins/Runtime/Oculus/OculusVR/Content/Materials/OculusMR_ChromaKey.uexp" 572
"../../../Engine/Plugins/Runtime/Oculus/OculusVR/Content/Materials/OculusMR_OpaqueColoredMaterial.uasset" 573
"../../../Engine/Plugins/Runtime/Oculus/OculusVR/Content/Materials/OculusMR_OpaqueColoredMaterial.uexp" 574
"../../../Engine/Plugins/Runtime/Oculus/OculusVR/Content/Materials/PokeAHoleMaterial.uasset" 575
"../../../Engine/Plugins/Runtime/Oculus/OculusVR/Content/Materials/PokeAHoleMaterial.uexp" 576
"../../../Engine/Plugins/Runtime/Oculus/OculusVR/Content/Textures/touchController_controlmap.uasset" 577
"../../../Engine/Plugins/Runtime/Oculus/OculusVR/Content/Textures/touchController_controlmap.uexp" 578
"../../../Engine/Plugins/Runtime/Oculus/OculusVR/Content/Textures/touchController_controlmap.ubulk" 579
"../../../Engine/Plugins/Runtime/Oculus/OculusVR/Content/Textures/touchController_albedo.uasset" 580
"../../../Engine/Plugins/Runtime/Oculus/OculusVR/Content/Textures/touchController_albedo.uexp" 581
"../../../Engine/Plugins/Runtime/Oculus/OculusVR/Content/Textures/touchController_albedo.ubulk" 582
"../../../Engine/Plugins/Runtime/Oculus/OculusVR/Content/Materials/touchController_mat.uasset" 583
"../../../Engine/Plugins/Runtime/Oculus/OculusVR/Content/Materials/touchController_mat.uexp" 584
"../../../Engine/Plugins/Runtime/Oculus/OculusVR/Content/Meshes/LeftTouchController.uasset" 585
"../../../Engine/Plugins/Runtime/Oculus/OculusVR/Content/Meshes/LeftTouchController.uexp" 586
"../../../Engine/Plugins/Runtime/Oculus/OculusVR/Content/Textures/TouchForQuestRiftSController_albedo.uasset" 587
"../../../Engine/Plugins/Runtime/Oculus/OculusVR/Content/Textures/TouchForQuestRiftSController_albedo.uexp" 588
"../../../Engine/Plugins/Runtime/Oculus/OculusVR/Content/Textures/TouchForQuestRiftSController_albedo.ubulk" 589
"../../../Engine/Plugins/Runtime/Oculus/OculusVR/Content/Materials/TouchForQuestRiftSControllerMaterial.uasset" 590
"../../../Engine/Plugins/Runtime/Oculus/OculusVR/Content/Materials/TouchForQuestRiftSControllerMaterial.uexp" 591
"../../../Engine/Plugins/Runtime/Oculus/OculusVR/Content/Meshes/LeftTouchForQuestRiftSController.uasset" 592
"../../../Engine/Plugins/Runtime/Oculus/OculusVR/Content/Meshes/LeftTouchForQuestRiftSController.uexp" 593
"../../../Engine/Plugins/Runtime/Oculus/OculusVR/Content/Meshes/RiftHMD.uasset" 594
"../../../Engine/Plugins/Runtime/Oculus/OculusVR/Content/Meshes/RiftHMD.uexp" 595
"../../../Engine/Plugins/Runtime/Oculus/OculusVR/Content/Meshes/RightTouchController.uasset" 596
"../../../Engine/Plugins/Runtime/Oculus/OculusVR/Content/Meshes/RightTouchController.uexp" 597
"../../../Engine/Plugins/Runtime/Oculus/OculusVR/Content/Meshes/RightTouchForQuestRiftSController.uasset" 598
"../../../Engine/Plugins/Runtime/Oculus/OculusVR/Content/Meshes/RightTouchForQuestRiftSController.uexp" 599
"G:/Unreal_Projects/Zaliczenie_Tech/Zaliczenie_tech/Content/Geometry/Meshes/CubeMaterial.uasset" 600
"G:/Unreal_Projects/Zaliczenie_Tech/Zaliczenie_tech/Content/Geometry/Meshes/CubeMaterial.uexp" 601
"G:/Unreal_Projects/Zaliczenie_Tech/Zaliczenie_tech/Content/Geometry/Meshes/1M_Cube.uasset" 602
"G:/Unreal_Projects/Zaliczenie_Tech/Zaliczenie_tech/Content/Geometry/Meshes/1M_Cube.uexp" 603
"G:/Unreal_Projects/Zaliczenie_Tech/Zaliczenie_tech/Content/SideScrollerBP/Maps/Level_01_BuiltData.uasset" 604
"G:/Unreal_Projects/Zaliczenie_Tech/Zaliczenie_tech/Content/SideScrollerBP/Maps/Level_01_BuiltData.uexp" 605
"G:/Unreal_Projects/Zaliczenie_Tech/Zaliczenie_tech/Content/SideScrollerBP/Maps/Level_01_BuiltData.ubulk" 606
"G:/Unreal_Projects/Zaliczenie_Tech/Zaliczenie_tech/Content/SideScrollerBP/Asstety/Coin_Gold_albedo.uasset" 607
"G:/Unreal_Projects/Zaliczenie_Tech/Zaliczenie_tech/Content/SideScrollerBP/Asstety/Coin_Gold_albedo.uexp" 608
"G:/Unreal_Projects/Zaliczenie_Tech/Zaliczenie_tech/Content/SideScrollerBP/Asstety/Coin_Gold_albedo.ubulk" 609
"G:/Unreal_Projects/Zaliczenie_Tech/Zaliczenie_tech/Content/SideScrollerBP/Asstety/GoldCoin.uasset" 610
"G:/Unreal_Projects/Zaliczenie_Tech/Zaliczenie_tech/Content/SideScrollerBP/Asstety/GoldCoin.uexp" 611
"G:/Unreal_Projects/Zaliczenie_Tech/Zaliczenie_tech/Content/SideScrollerBP/Asstety/Coin.uasset" 612
"G:/Unreal_Projects/Zaliczenie_Tech/Zaliczenie_tech/Content/SideScrollerBP/Asstety/Coin.uexp" 613
"G:/Unreal_Projects/Zaliczenie_Tech/Zaliczenie_tech/Content/StarterContent/Audio/Starter_Birds01.uasset" 614
"G:/Unreal_Projects/Zaliczenie_Tech/Zaliczenie_tech/Content/StarterContent/Audio/Starter_Birds01.uexp" 615
"G:/Unreal_Projects/Zaliczenie_Tech/Zaliczenie_tech/Content/SideScrollerBP/CoinCollect.uasset" 616
"G:/Unreal_Projects/Zaliczenie_Tech/Zaliczenie_tech/Content/SideScrollerBP/CoinCollect.uexp" 617
"../../../Engine/Content/EngineSky/T_Sky_Stars.uasset" 618
"../../../Engine/Content/EngineSky/T_Sky_Stars.uexp" 619
"../../../Engine/Content/EngineSky/T_Sky_Stars.ubulk" 620
"../../../Engine/Content/EngineSky/T_Sky_Clouds_M.uasset" 621
"../../../Engine/Content/EngineSky/T_Sky_Clouds_M.uexp" 622
"../../../Engine/Content/EngineSky/T_Sky_Clouds_M.ubulk" 623
"../../../Engine/Content/EngineSky/T_Sky_Blue.uasset" 624
"../../../Engine/Content/EngineSky/T_Sky_Blue.uexp" 625
"../../../Engine/Content/EngineSky/T_Sky_Blue.ubulk" 626
"../../../Engine/Content/EngineSky/M_Sky_Panning_Clouds2.uasset" 627
"../../../Engine/Content/EngineSky/M_Sky_Panning_Clouds2.uexp" 628
"../../../Engine/Content/EngineSky/SM_SkySphere.uasset" 629
"../../../Engine/Content/EngineSky/SM_SkySphere.uexp" 630
"../../../Engine/Content/EngineSky/C_Sky_Zenith_Color.uasset" 631
"../../../Engine/Content/EngineSky/C_Sky_Zenith_Color.uexp" 632
"../../../Engine/Content/EngineSky/C_Sky_Horizon_Color.uasset" 633
"../../../Engine/Content/EngineSky/C_Sky_Horizon_Color.uexp" 634
"../../../Engine/Content/EngineSky/C_Sky_Cloud_Color.uasset" 635
"../../../Engine/Content/EngineSky/C_Sky_Cloud_Color.uexp" 636
"../../../Engine/Content/EngineSky/BP_Sky_Sphere.uasset" 637
"../../../Engine/Content/EngineSky/BP_Sky_Sphere.uexp" 638
"G:/Unreal_Projects/Zaliczenie_Tech/Zaliczenie_tech/Content/SideScrollerBP/Asstety/Stone_+_Stone_block_+_Stone_path/Stone_1_Base_Color.uasset" 639
"G:/Unreal_Projects/Zaliczenie_Tech/Zaliczenie_tech/Content/SideScrollerBP/Asstety/Stone_+_Stone_block_+_Stone_path/Stone_1_Base_Color.uexp" 640
"G:/Unreal_Projects/Zaliczenie_Tech/Zaliczenie_tech/Content/SideScrollerBP/Asstety/Stone_+_Stone_block_+_Stone_path/Stone_1_Base_Color.ubulk" 641
"G:/Unreal_Projects/Zaliczenie_Tech/Zaliczenie_tech/Content/SideScrollerBP/Asstety/Stone_+_Stone_block_+_Stone_path/Stone_6.uasset" 642
"G:/Unreal_Projects/Zaliczenie_Tech/Zaliczenie_tech/Content/SideScrollerBP/Asstety/Stone_+_Stone_block_+_Stone_path/Stone_6.uexp" 643
"G:/Unreal_Projects/Zaliczenie_Tech/Zaliczenie_tech/Content/SideScrollerBP/Asstety/Stone_+_Stone_block_+_Stone_path/Stone_2_Base_Color.uasset" 644
"G:/Unreal_Projects/Zaliczenie_Tech/Zaliczenie_tech/Content/SideScrollerBP/Asstety/Stone_+_Stone_block_+_Stone_path/Stone_2_Base_Color.uexp" 645
"G:/Unreal_Projects/Zaliczenie_Tech/Zaliczenie_tech/Content/SideScrollerBP/Asstety/Stone_+_Stone_block_+_Stone_path/Stone_2_Base_Color.ubulk" 646
"G:/Unreal_Projects/Zaliczenie_Tech/Zaliczenie_tech/Content/SideScrollerBP/Asstety/Stone_+_Stone_block_+_Stone_path/Stone_2.uasset" 647
"G:/Unreal_Projects/Zaliczenie_Tech/Zaliczenie_tech/Content/SideScrollerBP/Asstety/Stone_+_Stone_block_+_Stone_path/Stone_2.uexp" 648
"G:/Unreal_Projects/Zaliczenie_Tech/Zaliczenie_tech/Content/SideScrollerBP/Asstety/Stone_+_Stone_block_+_Stone_path/Stone_5_Base_Color.uasset" 649
"G:/Unreal_Projects/Zaliczenie_Tech/Zaliczenie_tech/Content/SideScrollerBP/Asstety/Stone_+_Stone_block_+_Stone_path/Stone_5_Base_Color.uexp" 650
"G:/Unreal_Projects/Zaliczenie_Tech/Zaliczenie_tech/Content/SideScrollerBP/Asstety/Stone_+_Stone_block_+_Stone_path/Stone_5_Base_Color.ubulk" 651
"G:/Unreal_Projects/Zaliczenie_Tech/Zaliczenie_tech/Content/SideScrollerBP/Asstety/Stone_+_Stone_block_+_Stone_path/Material_005.uasset" 652
"G:/Unreal_Projects/Zaliczenie_Tech/Zaliczenie_tech/Content/SideScrollerBP/Asstety/Stone_+_Stone_block_+_Stone_path/Material_005.uexp" 653
"G:/Unreal_Projects/Zaliczenie_Tech/Zaliczenie_tech/Content/SideScrollerBP/Asstety/Stone_+_Stone_block_+_Stone_path/Stone_4_Base_Color.uasset" 654
"G:/Unreal_Projects/Zaliczenie_Tech/Zaliczenie_tech/Content/SideScrollerBP/Asstety/Stone_+_Stone_block_+_Stone_path/Stone_4_Base_Color.uexp" 655
"G:/Unreal_Projects/Zaliczenie_Tech/Zaliczenie_tech/Content/SideScrollerBP/Asstety/Stone_+_Stone_block_+_Stone_path/Stone_4_Base_Color.ubulk" 656
"G:/Unreal_Projects/Zaliczenie_Tech/Zaliczenie_tech/Content/SideScrollerBP/Asstety/Stone_+_Stone_block_+_Stone_path/Material_004.uasset" 657
"G:/Unreal_Projects/Zaliczenie_Tech/Zaliczenie_tech/Content/SideScrollerBP/Asstety/Stone_+_Stone_block_+_Stone_path/Material_004.uexp" 658
"G:/Unreal_Projects/Zaliczenie_Tech/Zaliczenie_tech/Content/SideScrollerBP/Asstety/Stone_+_Stone_block_+_Stone_path/Material_003.uasset" 659
"G:/Unreal_Projects/Zaliczenie_Tech/Zaliczenie_tech/Content/SideScrollerBP/Asstety/Stone_+_Stone_block_+_Stone_path/Material_003.uexp" 660
"G:/Unreal_Projects/Zaliczenie_Tech/Zaliczenie_tech/Content/SideScrollerBP/Asstety/Stone_+_Stone_block_+_Stone_path/Material.uasset" 661
"G:/Unreal_Projects/Zaliczenie_Tech/Zaliczenie_tech/Content/SideScrollerBP/Asstety/Stone_+_Stone_block_+_Stone_path/Material.uexp" 662
"G:/Unreal_Projects/Zaliczenie_Tech/Zaliczenie_tech/Content/SideScrollerBP/Asstety/Stone_+_Stone_block_+_Stone_path/Stone_Sand.uasset" 663
"G:/Unreal_Projects/Zaliczenie_Tech/Zaliczenie_tech/Content/SideScrollerBP/Asstety/Stone_+_Stone_block_+_Stone_path/Stone_Sand.uexp" 664
"G:/Unreal_Projects/Zaliczenie_Tech/Zaliczenie_tech/Content/SideScrollerBP/Asstety/Sand_Block/Sand_ROUGH.uasset" 665
"G:/Unreal_Projects/Zaliczenie_Tech/Zaliczenie_tech/Content/SideScrollerBP/Asstety/Sand_Block/Sand_ROUGH.uexp" 666
"G:/Unreal_Projects/Zaliczenie_Tech/Zaliczenie_tech/Content/SideScrollerBP/Asstety/Sand_Block/Sand_ROUGH.ubulk" 667
"G:/Unreal_Projects/Zaliczenie_Tech/Zaliczenie_tech/Content/SideScrollerBP/Asstety/Sand_Block/Sand_NM.uasset" 668
"G:/Unreal_Projects/Zaliczenie_Tech/Zaliczenie_tech/Content/SideScrollerBP/Asstety/Sand_Block/Sand_NM.uexp" 669
"G:/Unreal_Projects/Zaliczenie_Tech/Zaliczenie_tech/Content/SideScrollerBP/Asstety/Sand_Block/Sand_NM.ubulk" 670
"G:/Unreal_Projects/Zaliczenie_Tech/Zaliczenie_tech/Content/SideScrollerBP/Asstety/Sand_Block/Sand_COLOR.uasset" 671
"G:/Unreal_Projects/Zaliczenie_Tech/Zaliczenie_tech/Content/SideScrollerBP/Asstety/Sand_Block/Sand_COLOR.uexp" 672
"G:/Unreal_Projects/Zaliczenie_Tech/Zaliczenie_tech/Content/SideScrollerBP/Asstety/Sand_Block/Sand_COLOR.ubulk" 673
"G:/Unreal_Projects/Zaliczenie_Tech/Zaliczenie_tech/Content/SideScrollerBP/Asstety/Sand_Block/Material_002.uasset" 674
"G:/Unreal_Projects/Zaliczenie_Tech/Zaliczenie_tech/Content/SideScrollerBP/Asstety/Sand_Block/Material_002.uexp" 675
"G:/Unreal_Projects/Zaliczenie_Tech/Zaliczenie_tech/Content/SideScrollerBP/Asstety/Sand_Block/Sand_Block.uasset" 676
"G:/Unreal_Projects/Zaliczenie_Tech/Zaliczenie_tech/Content/SideScrollerBP/Asstety/Sand_Block/Sand_Block.uexp" 677
"G:/Unreal_Projects/Zaliczenie_Tech/Zaliczenie_tech/Content/SideScrollerBP/Asstety/Sand_Block/Material.uasset" 678
"G:/Unreal_Projects/Zaliczenie_Tech/Zaliczenie_tech/Content/SideScrollerBP/Asstety/Sand_Block/Material.uexp" 679
"G:/Unreal_Projects/Zaliczenie_Tech/Zaliczenie_tech/Content/SideScrollerBP/Asstety/Sand_Block/Sand.uasset" 680
"G:/Unreal_Projects/Zaliczenie_Tech/Zaliczenie_tech/Content/SideScrollerBP/Asstety/Sand_Block/Sand.uexp" 681
"G:/Unreal_Projects/Zaliczenie_Tech/Zaliczenie_tech/Content/SideScrollerBP/Asstety/Wooden_Planks_And_Platforms/Plank_Color_Map.uasset" 682
"G:/Unreal_Projects/Zaliczenie_Tech/Zaliczenie_tech/Content/SideScrollerBP/Asstety/Wooden_Planks_And_Platforms/Plank_Color_Map.uexp" 683
"G:/Unreal_Projects/Zaliczenie_Tech/Zaliczenie_tech/Content/SideScrollerBP/Asstety/Wooden_Planks_And_Platforms/Plank_Color_Map.ubulk" 684
"G:/Unreal_Projects/Zaliczenie_Tech/Zaliczenie_tech/Content/SideScrollerBP/Asstety/Wooden_Planks_And_Platforms/Wood_D.uasset" 685
"G:/Unreal_Projects/Zaliczenie_Tech/Zaliczenie_tech/Content/SideScrollerBP/Asstety/Wooden_Planks_And_Platforms/Wood_D.uexp" 686
"G:/Unreal_Projects/Zaliczenie_Tech/Zaliczenie_tech/Content/SideScrollerBP/Asstety/Wooden_Planks_And_Platforms/Wooden_Platform_Big.uasset" 687
"G:/Unreal_Projects/Zaliczenie_Tech/Zaliczenie_tech/Content/SideScrollerBP/Asstety/Wooden_Planks_And_Platforms/Wooden_Platform_Big.uexp" 688
"G:/Unreal_Projects/Zaliczenie_Tech/Zaliczenie_tech/Content/SideScrollerBP/platforms.uasset" 689
"G:/Unreal_Projects/Zaliczenie_Tech/Zaliczenie_tech/Content/SideScrollerBP/platforms.uexp" 690
"G:/Unreal_Projects/Zaliczenie_Tech/Zaliczenie_tech/Content/SideScrollerBP/level_complete.uasset" 691
"G:/Unreal_Projects/Zaliczenie_Tech/Zaliczenie_tech/Content/SideScrollerBP/level_complete.uexp" 692
"G:/Unreal_Projects/Zaliczenie_Tech/Zaliczenie_tech/Content/SideScrollerBP/level_complete_1.uasset" 693
"G:/Unreal_Projects/Zaliczenie_Tech/Zaliczenie_tech/Content/SideScrollerBP/level_complete_1.uexp" 694
"G:/Unreal_Projects/Zaliczenie_Tech/Zaliczenie_tech/Content/SideScrollerBP/death.uasset" 695
"G:/Unreal_Projects/Zaliczenie_Tech/Zaliczenie_tech/Content/SideScrollerBP/death.uexp" 696
"G:/Unreal_Projects/Zaliczenie_Tech/Zaliczenie_tech/Content/SideScrollerBP/Maps/Level_01.uexp" 697
"G:/Unreal_Projects/Zaliczenie_Tech/Zaliczenie_tech/Content/SideScrollerBP/Maps/Level_01.umap" 698
"../../../Engine/Content/Maps/Entry_BuiltData.uasset" 699
"../../../Engine/Content/Maps/Entry_BuiltData.uexp" 700
"../../../Engine/Content/Maps/Entry.uexp" 701
"../../../Engine/Content/Maps/Entry.umap" 702
